2024-06-29 17:05:37 - TShock: INFO: TShock was improperly shut down. Please use the exit command in the future to prevent this.
2024-06-29 17:05:37 - TShock: INFO: TShock 5.2.0.0 (Intensity) now running.
2024-06-29 17:05:38 - TShock: INFO: AutoSave Enabled
2024-06-29 17:05:38 - TShock: INFO: Backups Enabled
2024-06-29 17:05:38 - TShock: INFO: Welcome to TShock for Terraria!
2024-06-29 17:05:38 - TShock: INFO: TShock comes with no warranty & is free software.
2024-06-29 17:05:38 - TShock: INFO: You can modify & distribute it under the terms of the GNU GPLv3.
2024-06-29 17:09:22 - Utils: INFO: Broadcast: Saving world...
2024-06-29 17:10:31 - TShock: INFO: Login before join enabled. Users may be prompted for an account specific password instead of a server password on connect.
2024-06-29 17:10:31 - TShock: INFO: Login using UUID enabled. Users automatically login via UUID.
2024-06-29 17:10:31 - TShock: INFO: A malicious server can easily steal a user's UUID. You may consider turning this option off if you run a public server.
2024-06-29 17:14:49 - TShock: INFO: GRENY (127.100.3.110) from 'guest' group joined. (1/8)
2024-06-29 17:14:49 - Utils: INFO: Broadcast: GRENY has joined.
2024-06-29 17:14:56 - Utils: INFO: Broadcast: GRENY: шалома
2024-06-29 17:15:28 - TShock: INFO: пупус (127.239.118.96) from 'guest' group joined. (2/8)
2024-06-29 17:15:28 - Utils: INFO: Broadcast: пупус has joined.
2024-06-29 17:15:37 - Utils: INFO: Broadcast: Saving world...
2024-06-29 17:15:40 - Utils: INFO: Broadcast: World saved.
2024-06-29 17:15:40 - SaveManager: INFO: World saved at (tshock\backups\sex-world.wld.2024-06-29T12.15.37Z.bak)
2024-06-29 17:15:40 - BackupManager: INFO: World backed up (tshock\backups\sex-world.wld.2024-06-29T12.15.37Z.bak).
2024-06-29 17:18:02 - TShock: INFO: pen1sov (127.41.54.176) from 'guest' group joined. (3/8)
2024-06-29 17:18:02 - Utils: INFO: Broadcast: pen1sov has joined.
2024-06-29 17:18:32 - Utils: INFO: Broadcast: пупус: бляяя птицы все папуасы ой какие взять
2024-06-29 17:19:32 - Utils: INFO: Broadcast: пупус: чо
2024-06-29 17:20:42 - Utils: INFO: Broadcast: пупус: а давай зделаем подвал для детей
2024-06-29 17:21:30 - Utils: INFO: Broadcast: пупус: подвалы хуярить я умею
2024-06-29 17:21:45 - Utils: INFO: pen1sov executed: /setup 3575543.
2024-06-29 17:22:17 - Utils: INFO: Broadcast: пупус: бро дай лестницу
2024-06-29 17:22:59 - Utils: INFO: Broadcast: пупус: ладно пойдёт
2024-06-29 17:23:18 - Utils: INFO: Broadcast: пупус: красничь
2024-06-29 17:24:31 - Utils: INFO: Broadcast: пупус: помогай покать
2024-06-29 17:24:45 - Utils: INFO: Broadcast: Saving world...
2024-06-29 17:24:48 - Utils: INFO: Broadcast: пупус: капать
2024-06-29 17:25:27 - Utils: INFO: pen1sov executed: /help.
2024-06-29 17:25:35 - Utils: INFO: Broadcast: пупус: хуй знает у меня в мире  дома хлеще чем мой экран
2024-06-29 17:25:37 - Utils: INFO: Broadcast: Saving world...
2024-06-29 17:25:40 - Utils: INFO: Broadcast: World saved.
2024-06-29 17:25:40 - SaveManager: INFO: World saved at (tshock\backups\sex-world.wld.2024-06-29T12.25.37Z.bak)
2024-06-29 17:25:40 - BackupManager: INFO: World backed up (tshock\backups\sex-world.wld.2024-06-29T12.25.37Z.bak).
2024-06-29 17:25:48 - Utils: INFO: Broadcast: пупус: я сан шайн
2024-06-29 17:25:53 - Utils: INFO: pen1sov executed (args omitted): /register.
2024-06-29 17:25:57 - Commands: INFO: pen1sov executed (args omitted): /register.
2024-06-29 17:25:58 - Commands: INFO: pen1sov registered an account: "pen1sov".
2024-06-29 17:25:59 - TShock: INFO: Broadcast: GRENY: я енотыч
2024-06-29 17:26:58 - TShock: INFO: Broadcast: пупус: похуй енотыч дал мне 
2024-06-29 17:27:24 - TShock: INFO: Broadcast: пупус: бляяяя
2024-06-29 17:27:29 - Commands: INFO: Server executed: /save.
2024-06-29 17:27:29 - Utils: INFO: Broadcast: Saving world...
2024-06-29 17:27:31 - SaveManager: INFO: Broadcast: World saved.
2024-06-29 17:27:31 - StartHelper: INFO: World saved at (C:\Users\Fetisov\Documents\My Games\Terraria\Worlds\sex-world.wld)
