2024-07-02 21:40:52 - TShock: INFO: TShock was improperly shut down. Please use the exit command in the future to prevent this.
2024-07-02 21:40:53 - TShock: INFO: TShock 5.2.0.0 (Intensity) now running.
2024-07-02 21:40:53 - TShock: INFO: AutoSave Enabled
2024-07-02 21:40:53 - TShock: INFO: Backups Enabled
2024-07-02 21:40:53 - TShock: INFO: Welcome to TShock for Terraria!
2024-07-02 21:40:53 - TShock: INFO: TShock comes with no warranty & is free software.
2024-07-02 21:40:53 - TShock: INFO: You can modify & distribute it under the terms of the GNU GPLv3.
2024-07-02 21:41:16 - TShock: INFO: Login before join enabled. Users may be prompted for an account specific password instead of a server password on connect.
2024-07-02 21:41:16 - TShock: INFO: Login using UUID enabled. Users automatically login via UUID.
2024-07-02 21:41:16 - TShock: INFO: A malicious server can easily steal a user's UUID. You may consider turning this option off if you run a public server.
2024-07-02 22:02:24 - Utils: INFO: Broadcast: Saving world...
2024-07-02 22:02:25 - GetDataHandlers: INFO: pen1sov authenticated successfully as user pen1sov.
2024-07-02 22:02:26 - Utils: INFO: Broadcast: World saved.
2024-07-02 22:02:26 - SaveManager: INFO: World saved at (tshock\backups\sex-world.wld.2024-07-02T17.02.24Z.bak)
2024-07-02 22:02:26 - BackupManager: INFO: World backed up (tshock\backups\sex-world.wld.2024-07-02T17.02.24Z.bak).
2024-07-02 22:02:27 - TShock: INFO: pen1sov (192.168.0.32) from 'default' group joined. (1/8)
2024-07-02 22:02:27 - Utils: INFO: Broadcast: pen1sov has joined.
2024-07-02 22:12:24 - Utils: INFO: Broadcast: Saving world...
2024-07-02 22:12:24 - Utils: INFO: Broadcast: Saving world...
2024-07-02 22:12:26 - Utils: INFO: Broadcast: World saved.
2024-07-02 22:12:26 - SaveManager: INFO: World saved at (tshock\backups\sex-world.wld.2024-07-02T17.12.24Z.bak)
2024-07-02 22:12:26 - BackupManager: INFO: World backed up (tshock\backups\sex-world.wld.2024-07-02T17.12.24Z.bak).
2024-07-02 22:13:33 - GetDataHandlers: INFO: GRENY authenticated successfully as user GRENY.
2024-07-02 22:13:34 - TShock: INFO: GRENY (192.168.0.32) from 'default' group joined. (2/8)
2024-07-02 22:13:34 - Utils: INFO: Broadcast: GRENY has joined.
2024-07-02 22:15:49 - Utils: INFO: Broadcast: GRENY: ну мне кажется геншин гораздо лучше будет
2024-07-02 22:17:13 - Utils: INFO: Broadcast: GRENY: не
2024-07-02 22:17:15 - TSPlayer: INFO: Player pen1sov has been disabled for Reached TileKill threshold..
2024-07-02 22:20:51 - Utils: INFO: Broadcast: GRENY: я просто недалеко был
2024-07-02 22:22:24 - Utils: INFO: Broadcast: Saving world...
2024-07-02 22:22:24 - Utils: INFO: Broadcast: Saving world...
2024-07-02 22:22:26 - Utils: INFO: Broadcast: World saved.
2024-07-02 22:22:26 - SaveManager: INFO: World saved at (tshock\backups\sex-world.wld.2024-07-02T17.22.24Z.bak)
2024-07-02 22:22:26 - BackupManager: INFO: World backed up (tshock\backups\sex-world.wld.2024-07-02T17.22.24Z.bak).
2024-07-02 22:22:29 - Utils: INFO: Broadcast: GRENY: между прочим нормально тут платины
2024-07-02 22:25:02 - Utils: INFO: Broadcast: GRENY: не могу ничего сказать, не слежу за подобными игрушками
2024-07-02 22:26:08 - Utils: INFO: Broadcast: GRENY: а та пародия на терку которая про космос?
2024-07-02 22:26:14 - Utils: INFO: Broadcast: GRENY: как она называлась?
2024-07-02 22:26:39 - Utils: INFO: Broadcast: GRENY: во старбаунд
2024-07-02 22:28:03 - Utils: INFO: Broadcast: GRENY: вообще меня space engineers давно манит
2024-07-02 22:28:39 - Utils: INFO: Broadcast: GRENY: там в основном кораблики космические строить
2024-07-02 22:30:29 - Utils: INFO: Broadcast: GRENY: у меня слизень мелкий с овер дохера хп
2024-07-02 22:30:41 - Utils: INFO: Broadcast: GRENY: я от него застроился ко мне не иди
2024-07-02 22:32:24 - Utils: INFO: Broadcast: Saving world...
2024-07-02 22:32:24 - Utils: INFO: Broadcast: Saving world...
2024-07-02 22:32:26 - SaveManager: INFO: Broadcast: World saved.
2024-07-02 22:32:26 - StartHelper: INFO: World saved at (tshock\backups\sex-world.wld.2024-07-02T17.32.24Z.bak)
2024-07-02 22:32:26 - BackupManager: INFO: World backed up (tshock\backups\sex-world.wld.2024-07-02T17.32.24Z.bak).
2024-07-02 22:33:41 - TSPlayer: INFO: Player GRENY has been disabled for Reached TileKill threshold..
2024-07-02 22:34:31 - TShock: INFO: Broadcast: GRENY: блядь
2024-07-02 22:34:49 - TShock: INFO: Broadcast: GRENY: слизняки
2024-07-02 22:34:55 - GetDataHandlers: INFO: Podsigarich authenticated successfully as user Podsigarich.
2024-07-02 22:34:56 - HandlerCollection`1: INFO: Podsigarich (192.168.0.32) from 'default' group joined. (3/8)
2024-07-02 22:34:56 - Utils: INFO: Broadcast: Podsigarich has joined.
2024-07-02 22:35:04 - TShock: INFO: Broadcast: Podsigarich: хдарова гандоны
2024-07-02 22:35:06 - TShock: INFO: Broadcast: GRENY: это я
2024-07-02 22:35:09 - TShock: INFO: Broadcast: Podsigarich: не я
2024-07-02 22:35:21 - HandlerCollection`1: INFO: Broadcast: Podsigarich: на
2024-07-02 22:35:23 - HandlerCollection`1: INFO: Broadcast: GRENY: ага
2024-07-02 22:35:24 - HandlerCollection`1: INFO: Broadcast: Podsigarich: забери
2024-07-02 22:35:34 - HandlerCollection`1: INFO: Broadcast: Podsigarich: \патронов нет
2024-07-02 22:35:42 - HandlerCollection`1: INFO: Broadcast: Podsigarich: пойду дома построю и сьебу
2024-07-02 22:35:52 - HandlerCollection`1: INFO: Broadcast: Podsigarich: на еще
2024-07-02 22:36:05 - HandlerCollection`1: INFO: Broadcast: GRENY: на верстаке
2024-07-02 22:36:16 - HandlerCollection`1: INFO: Broadcast: Podsigarich: большом верстаке
2024-07-02 22:36:30 - HandlerCollection`1: INFO: Broadcast: Podsigarich: а стой
2024-07-02 22:36:37 - HandlerCollection`1: INFO: Broadcast: Podsigarich: юыди
2024-07-02 22:37:06 - HandlerCollection`1: INFO: Broadcast: GRENY: можно спавн облагородить)
2024-07-02 22:37:06 - HandlerCollection`1: INFO: Broadcast: Podsigarich: я за этим и зашел
2024-07-02 22:37:12 - HandlerCollection`1: INFO: Broadcast: GRENY: а вокруг комнаты
2024-07-02 22:37:22 - HandlerCollection`1: INFO: Broadcast: Podsigarich: железо соберите суки
2024-07-02 22:37:28 - HandlerCollection`1: INFO: Broadcast: GRENY: да копаю
2024-07-02 22:37:28 - HandlerCollection`1: INFO: Broadcast: Podsigarich: без негатива
2024-07-02 22:37:59 - HandlerCollection`1: INFO: Broadcast: Podsigarich: ничем
2024-07-02 22:38:07 - HandlerCollection`1: INFO: Broadcast: GRENY: они бафы вроде в биомах дают
2024-07-02 22:38:11 - HandlerCollection`1: INFO: Broadcast: Podsigarich: нет
2024-07-02 22:38:18 - HandlerCollection`1: INFO: Broadcast: Podsigarich: нет
2024-07-02 22:38:28 - HandlerCollection`1: INFO: Broadcast: Podsigarich: патроны крафтить
2024-07-02 22:38:45 - HandlerCollection`1: INFO: Broadcast: GRENY: а смысл от кнопки которая после достижения с богом факелов?
2024-07-02 22:39:04 - HandlerCollection`1: INFO: Broadcast: Podsigarich: они просто ставят факела биомов и все
2024-07-02 22:39:11 - HandlerCollection`1: INFO: Broadcast: GRENY: крута
2024-07-02 22:40:35 - HandlerCollection`1: INFO: Broadcast: Podsigarich: го глаз отпиздим
2024-07-02 22:40:40 - HandlerCollection`1: INFO: Broadcast: GRENY: надо строителя поселить
2024-07-02 22:40:44 - HandlerCollection`1: INFO: Broadcast: GRENY: или как он там
2024-07-02 22:40:50 - HandlerCollection`1: INFO: Broadcast: Podsigarich: кого бля?
2024-07-02 22:40:56 - HandlerCollection`1: INFO: Broadcast: GRENY: да этот
2024-07-02 22:41:00 - HandlerCollection`1: INFO: Broadcast: GRENY: маляр во
2024-07-02 22:41:00 - HandlerCollection`1: INFO: Broadcast: Podsigarich: умри
2024-07-02 22:41:04 - HandlerCollection`1: INFO: Broadcast: Podsigarich: все на спавн
2024-07-02 22:41:45 - HandlerCollection`1: INFO: Broadcast: Podsigarich: это вы лоу скиллы
2024-07-02 22:41:53 - HandlerCollection`1: INFO: Broadcast: Podsigarich: покупаются
2024-07-02 22:42:17 - GetDataHandlers: INFO: Podsigarich summoned the Eye of Cthulhu!
2024-07-02 22:42:24 - SaveManager: INFO: Broadcast: Saving world...
2024-07-02 22:42:24 - SaveManager: INFO: Broadcast: Saving world...
2024-07-02 22:42:26 - StartHelper: INFO: Broadcast: World saved.
2024-07-02 22:42:26 - StartHelper: INFO: World saved at (tshock\backups\sex-world.wld.2024-07-02T17.42.24Z.bak)
2024-07-02 22:42:26 - BackupManager: INFO: World backed up (tshock\backups\sex-world.wld.2024-07-02T17.42.24Z.bak).
2024-07-02 22:43:01 - HandlerCollection`1: INFO: Broadcast: Podsigarich: 2
2024-07-02 22:45:24 - HandlerCollection`1: INFO: Broadcast: Podsigarich: ахаххаха
2024-07-02 22:45:38 - HandlerCollection`1: INFO: Broadcast: GRENY: я танчу
2024-07-02 22:45:42 - HandlerCollection`1: INFO: Broadcast: GRENY: вы не понимаете
2024-07-02 22:46:39 - HandlerCollection`1: INFO: Broadcast: Podsigarich: соло
2024-07-02 22:46:40 - HandlerCollection`1: INFO: Broadcast: GRENY: йипи
2024-07-02 22:47:44 - HandlerCollection`1: INFO: Broadcast: Podsigarich: лохис
2024-07-02 22:47:57 - HandlerCollection`1: INFO: Broadcast: Podsigarich: лук забери
2024-07-02 22:48:01 - HandlerCollection`1: INFO: Broadcast: Podsigarich: я дома строить
2024-07-02 22:48:03 - HandlerCollection`1: INFO: Broadcast: GRENY: кто
2024-07-02 22:48:06 - HandlerCollection`1: INFO: Broadcast: Podsigarich: костик
2024-07-02 22:48:14 - HandlerCollection`1: INFO: Broadcast: GRENY: костик ко мне
2024-07-02 22:50:05 - HandlerCollection`1: INFO: Broadcast: Podsigarich: ну чиста мод лоха
2024-07-02 22:50:58 - HandlerCollection`1: INFO: Broadcast: Podsigarich: пизда
2024-07-02 22:51:12 - HandlerCollection`1: INFO: Broadcast: Podsigarich: отбивайте
2024-07-02 22:51:12 - HandlerCollection`1: INFO: Broadcast: GRENY: меня дома не ждите
2024-07-02 22:51:17 - HandlerCollection`1: INFO: Broadcast: GRENY: я бомж
2024-07-02 22:51:21 - HandlerCollection`1: INFO: Broadcast: Podsigarich: сфера взорвана
2024-07-02 22:51:30 - HandlerCollection`1: INFO: Broadcast: Podsigarich: разведчик не влияет
2024-07-02 22:51:39 - HandlerCollection`1: INFO: Broadcast: Podsigarich: 200 хп и минус сфера
2024-07-02 22:51:42 - HandlerCollection`1: INFO: Broadcast: Podsigarich: центр мира
2024-07-02 22:51:48 - HandlerCollection`1: INFO: Broadcast: Podsigarich: не влиял раньше
2024-07-02 22:52:24 - SaveManager: INFO: Broadcast: Saving world...
2024-07-02 22:52:24 - SaveManager: INFO: Broadcast: Saving world...
2024-07-02 22:52:26 - StartHelper: INFO: Broadcast: World saved.
2024-07-02 22:52:26 - StartHelper: INFO: World saved at (tshock\backups\sex-world.wld.2024-07-02T17.52.24Z.bak)
2024-07-02 22:52:26 - BackupManager: INFO: World backed up (tshock\backups\sex-world.wld.2024-07-02T17.52.24Z.bak).
2024-07-02 22:53:56 - HandlerCollection`1: INFO: Broadcast: Podsigarich: кладбище
2024-07-02 22:56:47 - HandlerCollection`1: INFO: Broadcast: GRENY: йипи
2024-07-02 22:58:49 - HandlerCollection`1: INFO: Broadcast: Podsigarich: в пустыню иди
2024-07-02 22:59:30 - HandlerCollection`1: INFO: Broadcast: Podsigarich: в пустыню иди бля
2024-07-02 22:59:50 - HandlerCollection`1: INFO: Broadcast: Podsigarich: посели красителя и нипа
2024-07-02 23:00:09 - HandlerCollection`1: INFO: Broadcast: Podsigarich: да
2024-07-02 23:00:21 - HandlerCollection`1: INFO: Broadcast: Podsigarich: для обелиска
2024-07-02 23:00:25 - HandlerCollection`1: INFO: Broadcast: Podsigarich: бля
2024-07-02 23:00:26 - HandlerCollection`1: INFO: Broadcast: GRENY: воскреснет
2024-07-02 23:00:33 - HandlerCollection`1: INFO: Broadcast: Podsigarich: пох
2024-07-02 23:00:36 - HandlerCollection`1: INFO: Broadcast: Podsigarich: все я в жлден
2024-07-02 23:00:39 - HandlerCollection`1: INFO: Broadcast: Podsigarich: элден
2024-07-02 23:00:41 - HandlerCollection`1: INFO: Broadcast: Podsigarich: пока
2024-07-02 23:01:15 - HandlerCollection`1: INFO: Broadcast: Podsigarich: прощайте
2024-07-02 23:01:20 - HandlerCollection`1: INFO: Broadcast: GRENY: бб
2024-07-02 23:01:20 - HandlerCollection`1: INFO: Broadcast: Podsigarich: оружейника сюда
2024-07-02 23:01:23 - HandlerCollection`1: INFO: Broadcast: Podsigarich: пересели
2024-07-02 23:01:29 - HandlerCollection`1: INFO: Broadcast: Podsigarich has left.
2024-07-02 23:01:29 - HandlerCollection`1: INFO: Podsigarich disconnected.
2024-07-02 23:01:38 - HandlerCollection`1: INFO: Broadcast: GRENY: пришел
2024-07-02 23:01:41 - HandlerCollection`1: INFO: Broadcast: GRENY: только что
2024-07-02 23:02:24 - SaveManager: INFO: Broadcast: Saving world...
2024-07-02 23:02:24 - SaveManager: INFO: Broadcast: Saving world...
2024-07-02 23:02:26 - StartHelper: INFO: Broadcast: World saved.
2024-07-02 23:02:26 - StartHelper: INFO: World saved at (tshock\backups\sex-world.wld.2024-07-02T18.02.24Z.bak)
2024-07-02 23:02:26 - BackupManager: INFO: World backed up (tshock\backups\sex-world.wld.2024-07-02T18.02.24Z.bak).
2024-07-02 23:12:24 - SaveManager: INFO: Broadcast: Saving world...
2024-07-02 23:12:24 - SaveManager: INFO: Broadcast: Saving world...
2024-07-02 23:12:26 - StartHelper: INFO: Broadcast: World saved.
2024-07-02 23:12:26 - StartHelper: INFO: World saved at (tshock\backups\sex-world.wld.2024-07-02T18.12.24Z.bak)
2024-07-02 23:12:26 - BackupManager: INFO: World backed up (tshock\backups\sex-world.wld.2024-07-02T18.12.24Z.bak).
2024-07-02 23:16:09 - HandlerCollection`1: INFO: Broadcast: GRENY has left.
2024-07-02 23:16:09 - HandlerCollection`1: INFO: GRENY disconnected.
2024-07-02 23:17:29 - GetDataHandlers: INFO: GRENY authenticated successfully as user GRENY.
2024-07-02 23:17:30 - HandlerCollection`1: INFO: GRENY (192.168.0.32) from 'default' group joined. (2/8)
2024-07-02 23:17:30 - TShock: INFO: Broadcast: GRENY has joined.
2024-07-02 23:18:28 - HandlerCollection`1: INFO: Broadcast: GRENY has left.
2024-07-02 23:18:28 - HandlerCollection`1: INFO: GRENY disconnected.
2024-07-02 23:22:24 - SaveManager: INFO: Broadcast: Saving world...
2024-07-02 23:22:24 - SaveManager: INFO: Broadcast: Saving world...
2024-07-02 23:22:26 - StartHelper: INFO: Broadcast: World saved.
2024-07-02 23:22:26 - StartHelper: INFO: World saved at (tshock\backups\sex-world.wld.2024-07-02T18.22.24Z.bak)
2024-07-02 23:22:26 - BackupManager: INFO: World backed up (tshock\backups\sex-world.wld.2024-07-02T18.22.24Z.bak).
2024-07-02 23:24:53 - HandlerCollection`1: INFO: Broadcast: pen1sov has left.
2024-07-02 23:24:53 - HandlerCollection`1: INFO: pen1sov disconnected.
2024-07-02 23:24:53 - SaveManager: INFO: Broadcast: Saving world...
2024-07-02 23:24:55 - StartHelper: INFO: Broadcast: World saved.
2024-07-02 23:24:55 - StartHelper: INFO: World saved at (C:\Users\detro\OneDrive\Документы\My Games\Terraria\Worlds\sex-world.wld)
2024-07-02 23:26:43 - GetDataHandlers: INFO: GRENY authenticated successfully as user GRENY.
2024-07-02 23:26:45 - HandlerCollection`1: INFO: GRENY (192.168.0.32) from 'default' group joined. (1/8)
2024-07-02 23:26:45 - TShock: INFO: Broadcast: GRENY has joined.
2024-07-02 23:30:29 - HandlerCollection`1: INFO: Broadcast: GRENY has left.
2024-07-02 23:30:29 - HandlerCollection`1: INFO: GRENY disconnected.
2024-07-02 23:30:29 - SaveManager: INFO: Broadcast: Saving world...
2024-07-02 23:30:31 - StartHelper: INFO: Broadcast: World saved.
2024-07-02 23:30:31 - StartHelper: INFO: World saved at (C:\Users\detro\OneDrive\Документы\My Games\Terraria\Worlds\sex-world.wld)
2024-07-03 00:11:24 - <CheckForUpdatesAsync>d__4: WARNING: UpdateManager warning: System.Threading.Tasks.TaskCanceledException: The request was canceled due to the configured HttpClient.Timeout of 5 seconds elapsing.
 ---> System.TimeoutException: The operation was canceled.
 ---> System.Threading.Tasks.TaskCanceledException: The operation was canceled.
 ---> System.IO.IOException: Unable to read data from the transport connection: Операция ввода/вывода была прервана из-за завершения потока команд или по запросу приложения..
 ---> System.Net.Sockets.SocketException (995): Операция ввода/вывода была прервана из-за завершения потока команд или по запросу приложения.
   --- End of inner exception stack trace ---
   at System.Net.Sockets.Socket.AwaitableSocketAsyncEventArgs.ThrowException(SocketError error, CancellationToken cancellationToken)
   at System.Net.Sockets.Socket.AwaitableSocketAsyncEventArgs.System.Threading.Tasks.Sources.IValueTaskSource<System.Int32>.GetResult(Int16 token)
   at System.Net.Security.SslStream.EnsureFullTlsFrameAsync[TIOAdapter](TIOAdapter adapter)
   at System.Net.Security.SslStream.ReadAsyncInternal[TIOAdapter](TIOAdapter adapter, Memory`1 buffer)
   at System.Net.Http.HttpConnection.InitialFillAsync(Boolean async)
   at System.Net.Http.HttpConnection.SendAsyncCore(HttpRequestMessage request, Boolean async, CancellationToken cancellationToken)
   --- End of inner exception stack trace ---
   at System.Net.Http.HttpConnection.SendAsyncCore(HttpRequestMessage request, Boolean async, CancellationToken cancellationToken)
   at System.Net.Http.HttpConnectionPool.SendWithVersionDetectionAndRetryAsync(HttpRequestMessage request, Boolean async, Boolean doRequestAuth, CancellationToken cancellationToken)
   at System.Net.Http.RedirectHandler.SendAsync(HttpRequestMessage request, Boolean async, CancellationToken cancellationToken)
   at System.Net.Http.HttpClient.<SendAsync>g__Core|83_0(HttpRequestMessage request, HttpCompletionOption completionOption, CancellationTokenSource cts, Boolean disposeCts, CancellationTokenSource pendingRequestsCts, CancellationToken originalCancellationToken)
   --- End of inner exception stack trace ---
   --- End of inner exception stack trace ---
   at System.Net.Http.HttpClient.HandleFailure(Exception e, Boolean telemetryStarted, HttpResponseMessage response, CancellationTokenSource cts, CancellationToken cancellationToken, CancellationTokenSource pendingRequestsCts)
   at System.Net.Http.HttpClient.<SendAsync>g__Core|83_0(HttpRequestMessage request, HttpCompletionOption completionOption, CancellationTokenSource cts, Boolean disposeCts, CancellationTokenSource pendingRequestsCts, CancellationToken originalCancellationToken)
   at TShockAPI.UpdateManager.ServerIsOutOfDateAsync() in /home/runner/work/TShock/TShock/TShockAPI/UpdateManager.cs:line 112
   at TShockAPI.UpdateManager.UpdateCheckAsync(Object o) in /home/runner/work/TShock/TShock/TShockAPI/UpdateManager.cs:line 99
   at TShockAPI.UpdateManager.CheckForUpdatesAsync(Object state) in /home/runner/work/TShock/TShock/TShockAPI/UpdateManager.cs:line 74
2024-07-03 00:11:24 - <CheckForUpdatesAsync>d__4: ERROR: Retrying in 5 minutes.
2024-07-03 02:09:36 - Commands: INFO: Server executed: /save.
2024-07-03 02:09:36 - SaveManager: INFO: Broadcast: Saving world...
2024-07-03 02:09:38 - StartHelper: INFO: Broadcast: World saved.
2024-07-03 02:09:38 - StartHelper: INFO: World saved at (C:\Users\detro\OneDrive\Документы\My Games\Terraria\Worlds\sex-world.wld)
