2024-07-01 22:37:05 - TShock: INFO: TShock was improperly shut down. Please use the exit command in the future to prevent this.
2024-07-01 22:37:05 - TShock: INFO: TShock 5.2.0.0 (Intensity) now running.
2024-07-01 22:37:05 - TShock: INFO: AutoSave Enabled
2024-07-01 22:37:05 - TShock: INFO: Backups Enabled
2024-07-01 22:37:05 - TShock: INFO: Welcome to TShock for Terraria!
2024-07-01 22:37:05 - TShock: INFO: TShock comes with no warranty & is free software.
2024-07-01 22:37:05 - TShock: INFO: You can modify & distribute it under the terms of the GNU GPLv3.
2024-07-01 22:37:28 - TShock: INFO: Login before join enabled. Users may be prompted for an account specific password instead of a server password on connect.
2024-07-01 22:37:28 - TShock: INFO: Login using UUID enabled. Users automatically login via UUID.
2024-07-01 22:37:28 - TShock: INFO: A malicious server can easily steal a user's UUID. You may consider turning this option off if you run a public server.
2024-07-01 22:56:15 - Utils: INFO: Broadcast: Saving world...
2024-07-01 22:56:16 - GetDataHandlers: INFO: Podsigarich authenticated successfully as user Podsigarich.
2024-07-01 22:56:17 - Utils: INFO: Broadcast: World saved.
2024-07-01 22:56:17 - SaveManager: INFO: World saved at (tshock\backups\sex-world.wld.2024-07-01T17.56.15Z.bak)
2024-07-01 22:56:17 - BackupManager: INFO: World backed up (tshock\backups\sex-world.wld.2024-07-01T17.56.15Z.bak).
2024-07-01 22:56:18 - TShock: INFO: Podsigarich (192.168.0.32) from 'default' group joined. (1/8)
2024-07-01 22:56:18 - Utils: INFO: Broadcast: Podsigarich has joined.
2024-07-01 23:01:28 - TSPlayer: INFO: Player Podsigarich has been disabled for Reached TileKill threshold..
2024-07-01 23:06:15 - Utils: INFO: Broadcast: Saving world...
2024-07-01 23:06:15 - Utils: INFO: Broadcast: Saving world...
2024-07-01 23:06:16 - Utils: INFO: Broadcast: World saved.
2024-07-01 23:06:16 - SaveManager: INFO: World saved at (tshock\backups\sex-world.wld.2024-07-01T18.06.15Z.bak)
2024-07-01 23:06:16 - BackupManager: INFO: World backed up (tshock\backups\sex-world.wld.2024-07-01T18.06.15Z.bak).
2024-07-01 23:10:11 - GetDataHandlers: INFO: pen1sov authenticated successfully as user pen1sov.
2024-07-01 23:10:12 - TShock: INFO: pen1sov (192.168.0.32) from 'default' group joined. (2/8)
2024-07-01 23:10:12 - Utils: INFO: Broadcast: pen1sov has joined.
2024-07-01 23:13:17 - Utils: INFO: Broadcast: Podsigarich has left.
2024-07-01 23:13:17 - TShock: INFO: Podsigarich disconnected.
2024-07-01 23:16:15 - Utils: INFO: Broadcast: Saving world...
2024-07-01 23:16:15 - Utils: INFO: Broadcast: Saving world...
2024-07-01 23:16:16 - Utils: INFO: Broadcast: World saved.
2024-07-01 23:16:16 - SaveManager: INFO: World saved at (tshock\backups\sex-world.wld.2024-07-01T18.16.15Z.bak)
2024-07-01 23:16:16 - BackupManager: INFO: World backed up (tshock\backups\sex-world.wld.2024-07-01T18.16.15Z.bak).
2024-07-01 23:23:39 - Utils: INFO: Broadcast: pen1sov has left.
2024-07-01 23:23:39 - TShock: INFO: pen1sov disconnected.
2024-07-01 23:23:39 - Utils: INFO: Broadcast: Saving world...
2024-07-01 23:23:40 - Utils: INFO: Broadcast: World saved.
2024-07-01 23:23:40 - SaveManager: INFO: World saved at (C:\Users\detro\OneDrive\Документы\My Games\Terraria\Worlds\sex-world.wld)
2024-07-01 23:24:07 - GetDataHandlers: INFO: Podsigarich authenticated successfully as user Podsigarich.
2024-07-01 23:24:08 - TShock: INFO: Podsigarich (192.168.0.32) from 'default' group joined. (1/8)
2024-07-01 23:24:08 - Utils: INFO: Broadcast: Podsigarich has joined.
2024-07-01 23:26:15 - Utils: INFO: Broadcast: Saving world...
2024-07-01 23:26:17 - Utils: INFO: Broadcast: World saved.
2024-07-01 23:26:17 - SaveManager: INFO: World saved at (tshock\backups\sex-world.wld.2024-07-01T18.26.15Z.bak)
2024-07-01 23:26:17 - BackupManager: INFO: World backed up (tshock\backups\sex-world.wld.2024-07-01T18.26.15Z.bak).
2024-07-01 23:26:42 - Utils: INFO: Broadcast: Saving world...
2024-07-01 23:28:58 - TSPlayer: INFO: Player Podsigarich has been disabled for Reached TileKill threshold..
2024-07-01 23:30:22 - TSPlayer: INFO: Player Podsigarich has been disabled for Reached TileKill threshold..
2024-07-01 23:30:53 - TSPlayer: INFO: Player Podsigarich has been disabled for Reached TileKill threshold..
2024-07-01 23:31:51 - TSPlayer: INFO: Player Podsigarich has been disabled for Reached TileKill threshold..
2024-07-01 23:32:08 - TSPlayer: INFO: Player Podsigarich has been disabled for Reached TileKill threshold..
2024-07-01 23:32:20 - TSPlayer: INFO: Player Podsigarich has been disabled for Reached TileKill threshold..
2024-07-01 23:36:15 - Utils: INFO: Broadcast: Saving world...
2024-07-01 23:36:17 - SaveManager: INFO: Broadcast: World saved.
2024-07-01 23:36:17 - StartHelper: INFO: World saved at (tshock\backups\sex-world.wld.2024-07-01T18.36.15Z.bak)
2024-07-01 23:36:17 - BackupManager: INFO: World backed up (tshock\backups\sex-world.wld.2024-07-01T18.36.15Z.bak).
2024-07-01 23:36:42 - Utils: INFO: Broadcast: Saving world...
2024-07-01 23:40:42 - TSPlayer: INFO: Player Podsigarich has been disabled for Reached TileKill threshold..
2024-07-01 23:41:04 - TSPlayer: INFO: Player Podsigarich has been disabled for Reached TileKill threshold..
2024-07-01 23:42:30 - TSPlayer: INFO: Player Podsigarich has been disabled for Reached TileKill threshold..
2024-07-01 23:43:01 - TSPlayer: INFO: Player Podsigarich has been disabled for Reached TileKill threshold..
2024-07-01 23:43:19 - TSPlayer: INFO: Player Podsigarich has been disabled for Reached TileKill threshold..
2024-07-01 23:46:15 - Utils: INFO: Broadcast: Saving world...
2024-07-01 23:46:17 - SaveManager: INFO: Broadcast: World saved.
2024-07-01 23:46:17 - StartHelper: INFO: World saved at (tshock\backups\sex-world.wld.2024-07-01T18.46.15Z.bak)
2024-07-01 23:46:17 - BackupManager: INFO: World backed up (tshock\backups\sex-world.wld.2024-07-01T18.46.15Z.bak).
2024-07-01 23:46:42 - Utils: INFO: Broadcast: Saving world...
2024-07-01 23:56:15 - Utils: INFO: Broadcast: Saving world...
2024-07-01 23:56:16 - SaveManager: INFO: Broadcast: World saved.
2024-07-01 23:56:16 - StartHelper: INFO: World saved at (tshock\backups\sex-world.wld.2024-07-01T18.56.15Z.bak)
2024-07-01 23:56:16 - BackupManager: INFO: World backed up (tshock\backups\sex-world.wld.2024-07-01T18.56.15Z.bak).
2024-07-01 23:56:27 - TShock: INFO: Broadcast: Podsigarich has left.
2024-07-01 23:56:27 - HandlerCollection`1: INFO: Podsigarich disconnected.
2024-07-01 23:56:27 - Utils: INFO: Broadcast: Saving world...
2024-07-01 23:56:29 - SaveManager: INFO: Broadcast: World saved.
2024-07-01 23:56:29 - StartHelper: INFO: World saved at (C:\Users\detro\OneDrive\Документы\My Games\Terraria\Worlds\sex-world.wld)
2024-07-02 00:00:28 - GetDataHandlers: INFO: Podsigarich authenticated successfully as user Podsigarich.
2024-07-02 00:00:29 - HandlerCollection`1: INFO: Podsigarich (192.168.0.32) from 'default' group joined. (1/8)
2024-07-02 00:00:29 - Utils: INFO: Broadcast: Podsigarich has joined.
2024-07-02 00:00:42 - SaveManager: INFO: Broadcast: Saving world...
2024-07-02 00:01:59 - HandlerCollection`1: INFO: Broadcast: Podsigarich has left.
2024-07-02 00:01:59 - HandlerCollection`1: INFO: Podsigarich disconnected.
2024-07-02 00:01:59 - SaveManager: INFO: Broadcast: Saving world...
2024-07-02 00:02:00 - StartHelper: INFO: Broadcast: World saved.
2024-07-02 00:02:00 - StartHelper: INFO: World saved at (C:\Users\detro\OneDrive\Документы\My Games\Terraria\Worlds\sex-world.wld)
2024-07-02 00:08:04 - SaveManager: INFO: Broadcast: Saving world...
2024-07-02 00:08:05 - StartHelper: INFO: Broadcast: World saved.
2024-07-02 00:08:05 - StartHelper: INFO: World saved at (tshock\backups\sex-world.wld.2024-07-01T19.08.04Z.bak)
2024-07-02 00:08:05 - BackupManager: INFO: World backed up (tshock\backups\sex-world.wld.2024-07-01T19.08.04Z.bak).
2024-07-02 00:08:06 - GetDataHandlers: INFO: лупус authenticated successfully as user лупус.
2024-07-02 00:08:07 - HandlerCollection`1: INFO: лупус (192.168.0.32) from 'default' group joined. (1/8)
2024-07-02 00:08:07 - TShock: INFO: Broadcast: лупус has joined.
2024-07-02 00:08:19 - HandlerCollection`1: INFO: Broadcast: лупус has left.
2024-07-02 00:08:19 - HandlerCollection`1: INFO: лупус disconnected.
2024-07-02 00:08:19 - SaveManager: INFO: Broadcast: Saving world...
2024-07-02 00:08:21 - StartHelper: INFO: Broadcast: World saved.
2024-07-02 00:08:21 - StartHelper: INFO: World saved at (C:\Users\detro\OneDrive\Документы\My Games\Terraria\Worlds\sex-world.wld)
2024-07-02 00:08:27 - GetDataHandlers: INFO: пупус authenticated successfully as user пупус.
2024-07-02 00:08:29 - HandlerCollection`1: INFO: пупус (192.168.0.32) from 'default' group joined. (1/8)
2024-07-02 00:08:29 - TShock: INFO: Broadcast: пупус has joined.
2024-07-02 00:12:27 - HandlerCollection`1: INFO: Broadcast: пупус has left.
2024-07-02 00:12:27 - HandlerCollection`1: INFO: пупус disconnected.
2024-07-02 00:12:27 - SaveManager: INFO: Broadcast: Saving world...
2024-07-02 00:12:29 - StartHelper: INFO: Broadcast: World saved.
2024-07-02 00:12:29 - StartHelper: INFO: World saved at (C:\Users\detro\OneDrive\Документы\My Games\Terraria\Worlds\sex-world.wld)
2024-07-02 00:12:57 - GetDataHandlers: INFO: пупус authenticated successfully as user пупус.
2024-07-02 00:13:00 - HandlerCollection`1: INFO: пупус (192.168.0.32) from 'default' group joined. (1/8)
2024-07-02 00:13:00 - TShock: INFO: Broadcast: пупус has joined.
2024-07-02 00:13:46 - GetDataHandlers: INFO: Podsigarich authenticated successfully as user Podsigarich.
2024-07-02 00:13:47 - HandlerCollection`1: INFO: Podsigarich (192.168.0.32) from 'default' group joined. (2/8)
2024-07-02 00:13:47 - TShock: INFO: Broadcast: Podsigarich has joined.
2024-07-02 00:14:02 - HandlerCollection`1: INFO: Broadcast: Podsigarich: отойди бля
2024-07-02 00:14:09 - HandlerCollection`1: INFO: Broadcast: Podsigarich: спасибо
2024-07-02 00:14:52 - HandlerCollection`1: INFO: Broadcast: Podsigarich: друг
2024-07-02 00:14:55 - HandlerCollection`1: INFO: Broadcast: Podsigarich: кирку верни
2024-07-02 00:15:01 - HandlerCollection`1: INFO: Broadcast: пупус: см?
2024-07-02 00:15:06 - HandlerCollection`1: INFO: Broadcast: пупус: какую
2024-07-02 00:15:10 - HandlerCollection`1: INFO: Broadcast: Podsigarich: платиновую
2024-07-02 00:15:12 - HandlerCollection`1: INFO: Broadcast: Podsigarich: а бля
2024-07-02 00:15:14 - HandlerCollection`1: INFO: Broadcast: Podsigarich: сорян
2024-07-02 00:15:18 - HandlerCollection`1: INFO: Broadcast: Podsigarich: я еноту положил
2024-07-02 00:15:19 - HandlerCollection`1: INFO: Broadcast: пупус: у меня медная и  вольфрамовая
2024-07-02 00:15:27 - HandlerCollection`1: INFO: Broadcast: Podsigarich: похуй на енота, бери платиновый сет
2024-07-02 00:15:54 - HandlerCollection`1: INFO: Broadcast: пупус: всё
2024-07-02 00:16:00 - HandlerCollection`1: INFO: Broadcast: Podsigarich: буду благодарен за то что добудеешь железо
2024-07-02 00:16:01 - HandlerCollection`1: INFO: Broadcast: пупус: а нахера
2024-07-02 00:16:09 - HandlerCollection`1: INFO: Broadcast: Podsigarich: сундуки
2024-07-02 00:16:20 - HandlerCollection`1: INFO: Broadcast: пупус: понял
2024-07-02 00:16:23 - HandlerCollection`1: INFO: Broadcast: Podsigarich: я дома делать пошел
2024-07-02 00:16:28 - HandlerCollection`1: INFO: Broadcast: Podsigarich: с обелисками
2024-07-02 00:16:42 - HandlerCollection`1: INFO: Broadcast: пупус: слушай а дленьги есть надо очеь
2024-07-02 00:16:53 - HandlerCollection`1: INFO: Broadcast: Podsigarich: что купить?
2024-07-02 00:16:57 - HandlerCollection`1: INFO: Broadcast: Podsigarich: самому надо
2024-07-02 00:16:59 - HandlerCollection`1: INFO: Broadcast: пупус: хлыст
2024-07-02 00:17:11 - HandlerCollection`1: INFO: Broadcast: Podsigarich: ты призыватель?
2024-07-02 00:17:18 - HandlerCollection`1: INFO: Broadcast: пупус: тиоп
2024-07-02 00:17:19 - SaveManager: INFO: Broadcast: Saving world...
2024-07-02 00:17:38 - HandlerCollection`1: INFO: Broadcast: Podsigarich: самому не хвататет
2024-07-02 00:17:42 - HandlerCollection`1: INFO: Broadcast: Podsigarich: ща попродаю
2024-07-02 00:17:45 - HandlerCollection`1: INFO: Broadcast: пупус: понял
2024-07-02 00:18:04 - SaveManager: INFO: Broadcast: Saving world...
2024-07-02 00:18:05 - StartHelper: INFO: Broadcast: World saved.
2024-07-02 00:18:05 - StartHelper: INFO: World saved at (tshock\backups\sex-world.wld.2024-07-01T19.18.04Z.bak)
2024-07-02 00:18:05 - BackupManager: INFO: World backed up (tshock\backups\sex-world.wld.2024-07-01T19.18.04Z.bak).
2024-07-02 00:19:03 - HandlerCollection`1: INFO: Broadcast: Podsigarich: пошли
2024-07-02 00:19:25 - HandlerCollection`1: INFO: Broadcast: Podsigarich: друг
2024-07-02 00:19:51 - HandlerCollection`1: INFO: Broadcast: пупус: спасибо
2024-07-02 00:19:55 - HandlerCollection`1: INFO: Broadcast: Podsigarich: бля
2024-07-02 00:19:59 - HandlerCollection`1: INFO: Broadcast: пупус: чо
2024-07-02 00:20:03 - HandlerCollection`1: INFO: Broadcast: Podsigarich: на шипохват лишь спор не хватает
2024-07-02 00:20:12 - HandlerCollection`1: INFO: Broadcast: Podsigarich: жала и лозы есть
2024-07-02 00:20:17 - HandlerCollection`1: INFO: Broadcast: Podsigarich: можешь пофармить
2024-07-02 00:20:22 - HandlerCollection`1: INFO: Broadcast: пупус: могу
2024-07-02 00:20:30 - HandlerCollection`1: INFO: Broadcast: Podsigarich: это для тебя же
2024-07-02 00:20:31 - HandlerCollection`1: INFO: Broadcast: пупус: а сердца уже ломали ?
2024-07-02 00:20:41 - HandlerCollection`1: INFO: Broadcast: Podsigarich: хп?
2024-07-02 00:20:55 - HandlerCollection`1: INFO: Broadcast: пупус: нене крисзоновские
2024-07-02 00:21:02 - HandlerCollection`1: INFO: Broadcast: Podsigarich: иду ломать
2024-07-02 00:21:06 - HandlerCollection`1: INFO: Broadcast: пупус: ок
2024-07-02 00:21:09 - HandlerCollection`1: INFO: Broadcast: Podsigarich: ему же нужен огнестрел
2024-07-02 00:21:11 - HandlerCollection`1: INFO: Broadcast: Podsigarich: стримеру
2024-07-02 00:21:20 - HandlerCollection`1: INFO: Broadcast: пупус: да 
2024-07-02 00:21:39 - HandlerCollection`1: INFO: Broadcast: пупус: а этот папус чо не пойдёт где он
2024-07-02 00:21:53 - HandlerCollection`1: INFO: Broadcast: Podsigarich: как обычно
2024-07-02 00:21:59 - HandlerCollection`1: INFO: Broadcast: Podsigarich: пиздит по часам
2024-07-02 00:21:59 - HandlerCollection`1: INFO: Broadcast: пупус: го в красни команду
2024-07-02 00:23:17 - TSPlayer: INFO: Player Podsigarich has been disabled for Reached TileKill threshold..
2024-07-02 00:23:47 - HandlerCollection`1: INFO: Broadcast: пупус: ЭХХХБИЛЯЯЯ
2024-07-02 00:23:53 - HandlerCollection`1: INFO: Broadcast: Podsigarich: лан пошел он нахуй
2024-07-02 00:23:58 - HandlerCollection`1: INFO: Broadcast: Podsigarich: лишь ради него зашел
2024-07-02 00:24:04 - HandlerCollection`1: INFO: Broadcast: Podsigarich: а он опять не пойдет
2024-07-02 00:24:05 - HandlerCollection`1: INFO: Broadcast: Podsigarich: пока
2024-07-02 00:24:07 - HandlerCollection`1: INFO: Broadcast: Podsigarich has left.
2024-07-02 00:24:07 - HandlerCollection`1: INFO: Podsigarich disconnected.
2024-07-02 00:24:10 - HandlerCollection`1: INFO: Broadcast: пупус: ПОКА
2024-07-02 00:27:19 - SaveManager: INFO: Broadcast: Saving world...
2024-07-02 00:28:04 - SaveManager: INFO: Broadcast: Saving world...
2024-07-02 00:28:05 - StartHelper: INFO: Broadcast: World saved.
2024-07-02 00:28:05 - StartHelper: INFO: World saved at (tshock\backups\sex-world.wld.2024-07-01T19.28.04Z.bak)
2024-07-02 00:28:05 - BackupManager: INFO: World backed up (tshock\backups\sex-world.wld.2024-07-01T19.28.04Z.bak).
2024-07-02 00:32:19 - HandlerCollection`1: INFO: Broadcast: пупус has left.
2024-07-02 00:32:19 - HandlerCollection`1: INFO: пупус disconnected.
2024-07-02 00:32:19 - SaveManager: INFO: Broadcast: Saving world...
2024-07-02 00:32:21 - StartHelper: INFO: Broadcast: World saved.
2024-07-02 00:32:21 - StartHelper: INFO: World saved at (C:\Users\detro\OneDrive\Документы\My Games\Terraria\Worlds\sex-world.wld)
2024-07-02 02:09:12 - Commands: INFO: Server executed: /save.
2024-07-02 02:09:12 - SaveManager: INFO: Broadcast: Saving world...
