2024-06-29 17:37:01 - TShock: INFO: TShock was improperly shut down. Please use the exit command in the future to prevent this.
2024-06-29 17:37:01 - TShock: INFO: TShock 5.2.0.0 (Intensity) now running.
2024-06-29 17:37:02 - TShock: INFO: AutoSave Enabled
2024-06-29 17:37:02 - TShock: INFO: Backups Enabled
2024-06-29 17:37:02 - TShock: INFO: Welcome to TShock for Terraria!
2024-06-29 17:37:02 - TShock: INFO: TShock comes with no warranty & is free software.
2024-06-29 17:37:02 - TShock: INFO: You can modify & distribute it under the terms of the GNU GPLv3.
2024-06-29 17:37:29 - TShock: INFO: Login before join enabled. Users may be prompted for an account specific password instead of a server password on connect.
2024-06-29 17:37:29 - TShock: INFO: Login using UUID enabled. Users automatically login via UUID.
2024-06-29 17:37:29 - TShock: INFO: A malicious server can easily steal a user's UUID. You may consider turning this option off if you run a public server.
2024-06-29 17:37:29 - TShock: INFO: An account has been detected in the user database, but setup-code.txt is still present.
2024-06-29 17:37:29 - TShock: INFO: TShock will now disable the initial setup system and remove setup-code.txt as it is no longer needed.
2024-06-29 17:38:42 - TShock: INFO: пупус (127.239.118.96) from 'guest' group joined. (1/8)
2024-06-29 17:38:43 - Utils: INFO: Broadcast: пупус has joined.
2024-06-29 17:38:44 - TShock: INFO: GRENY (127.100.3.110) from 'guest' group joined. (2/8)
2024-06-29 17:38:44 - Utils: INFO: Broadcast: GRENY has joined.
2024-06-29 17:38:59 - GetDataHandlers: INFO: pen1sov authenticated successfully as user pen1sov.
2024-06-29 17:39:00 - TShock: INFO: pen1sov (127.41.54.176) from 'default' group joined. (3/8)
2024-06-29 17:39:00 - Utils: INFO: Broadcast: pen1sov has joined.
2024-06-29 17:39:07 - Utils: INFO: GRENY executed (args omitted): /register.
2024-06-29 17:39:07 - Commands: INFO: GRENY registered an account: "GRENY".
2024-06-29 17:39:12 - Utils: INFO: Broadcast: пупус: блят  папуасы чо я ходить рне могу 
2024-06-29 17:39:38 - Utils: INFO: GRENY executed (args omitted): /login.
2024-06-29 17:39:38 - Commands: WARNING: 127.100.3.110 failed to authenticate as user: GRENY.
2024-06-29 17:39:56 - Utils: INFO: Broadcast: пупус: да
2024-06-29 17:39:58 - Utils: INFO: Broadcast: GRENY has left.
2024-06-29 17:39:58 - TShock: INFO: GRENY disconnected.
2024-06-29 17:40:13 - GetDataHandlers: INFO: GRENY authenticated successfully as user GRENY.
2024-06-29 17:40:15 - TShock: INFO: GRENY (127.100.3.110) from 'default' group joined. (3/8)
2024-06-29 17:40:15 - Utils: INFO: Broadcast: GRENY has joined.
2024-06-29 17:40:22 - Utils: INFO: GRENY executed (args omitted): /login.
2024-06-29 17:41:06 - Utils: INFO: пупус executed (args omitted): /login.
2024-06-29 17:42:09 - Utils: INFO: пупус executed (args omitted): /register.
2024-06-29 17:42:29 - Utils: INFO: пупус executed (args omitted): /register.
2024-06-29 17:42:29 - Commands: INFO: пупус registered an account: "пупус".
2024-06-29 17:42:56 - Utils: INFO: пупус executed (args omitted): /register.
2024-06-29 17:42:56 - Commands: INFO: пупус attempted to register for the account пупус but it was already taken.
2024-06-29 17:43:14 - Utils: INFO: пупус executed (args omitted): /register.
2024-06-29 17:43:14 - Commands: INFO: пупус attempted to register for the account пупус but it was already taken.
2024-06-29 17:44:00 - Utils: INFO: пупус executed (args omitted): /login.
2024-06-29 17:44:00 - Commands: WARNING: 127.239.118.96 failed to authenticate as user: пупус.
2024-06-29 17:44:25 - Utils: INFO: пупус executed (args omitted): /login.
2024-06-29 17:44:25 - Commands: WARNING: 127.239.118.96 failed to authenticate as user: пупус.
2024-06-29 17:44:45 - Utils: INFO: пупус executed (args omitted): /register.
2024-06-29 17:44:45 - Commands: INFO: пупус attempted to register for the account пупус but it was already taken.
2024-06-29 17:44:54 - Utils: INFO: Broadcast: пупус has left.
2024-06-29 17:44:54 - TShock: INFO: пупус disconnected.
2024-06-29 17:45:04 - TShock: INFO: лупус (127.239.118.96) from 'guest' group joined. (3/8)
2024-06-29 17:45:04 - Utils: INFO: Broadcast: лупус has joined.
2024-06-29 17:45:15 - Utils: INFO: Broadcast: Донат: от Xuives - 10 RUB
2024-06-29 17:45:19 - Utils: INFO: лупус executed (args omitted): /register.
2024-06-29 17:45:19 - Commands: INFO: лупус registered an account: "лупус".
2024-06-29 17:45:33 - Utils: INFO: лупус executed (args omitted): /login.
2024-06-29 17:45:33 - Commands: WARNING: 127.239.118.96 failed to authenticate as user: лупус.
2024-06-29 17:46:02 - Utils: INFO: Broadcast: Донат: от Xuives - 10 RUB
2024-06-29 17:46:36 - Utils: INFO: лупус executed (args omitted): /login.
2024-06-29 17:46:36 - Commands: INFO: лупус authenticated successfully as user: лупус.
2024-06-29 17:47:01 - TShock: INFO: Broadcast: лупус: бляяяяяяяяя  ссиси писи сасаааааааааать
2024-06-29 17:47:01 - Utils: INFO: Broadcast: Saving world...
2024-06-29 17:47:04 - SaveManager: INFO: Broadcast: World saved.
2024-06-29 17:47:04 - StartHelper: INFO: World saved at (tshock\backups\sex-world.wld.2024-06-29T12.47.01Z.bak)
2024-06-29 17:47:04 - BackupManager: INFO: World backed up (tshock\backups\sex-world.wld.2024-06-29T12.47.01Z.bak).
2024-06-29 17:48:38 - Utils: INFO: Broadcast: Saving world...
2024-06-29 17:48:41 - TShock: INFO: Broadcast: лупус: опа сво зобли не ликвидирован
2024-06-29 17:48:51 - TShock: INFO: Broadcast: лупус has left.
2024-06-29 17:48:51 - HandlerCollection`1: INFO: лупус disconnected.
2024-06-29 17:48:59 - GetDataHandlers: INFO: пупус authenticated successfully as user пупус.
2024-06-29 17:49:01 - HandlerCollection`1: INFO: пупус (127.239.118.96) from 'default' group joined. (3/8)
2024-06-29 17:49:01 - Utils: INFO: Broadcast: пупус has joined.
2024-06-29 17:49:11 - Commands: INFO: пупус executed (args omitted): /login.
2024-06-29 17:49:26 - Commands: INFO: пупус executed (args omitted): /login.
2024-06-29 17:49:43 - TShock: INFO: Broadcast: пупус: uyjvbr ,tub
2024-06-29 17:50:20 - TShock: INFO: Broadcast: пупус: я могу ходить
2024-06-29 17:52:33 - TShock: INFO: Broadcast: пупус: я ю
2024-06-29 17:52:55 - TShock: INFO: Broadcast: пупус: я блять былбы я шпионом из тф я бы убил эти вуменов
2024-06-29 17:53:06 - TShock: INFO: Broadcast: пупус: я рофлю
2024-06-29 17:53:39 - TShock: INFO: Broadcast: GRENY: за то что одна из вуменов родила скаута?
2024-06-29 17:53:39 - TShock: INFO: Broadcast: пупус: о я щас за стейками схожу скоро приду
2024-06-29 17:53:52 - TShock: INFO: Broadcast: пупус: да так и есть 
2024-06-29 17:56:18 - TShock: INFO: Broadcast: пупус: бляя яя как же заштырило
2024-06-29 17:57:01 - Utils: INFO: Broadcast: Saving world...
2024-06-29 17:57:04 - SaveManager: INFO: Broadcast: World saved.
2024-06-29 17:57:04 - StartHelper: INFO: World saved at (tshock\backups\sex-world.wld.2024-06-29T12.57.01Z.bak)
2024-06-29 17:57:04 - BackupManager: INFO: World backed up (tshock\backups\sex-world.wld.2024-06-29T12.57.01Z.bak).
2024-06-29 17:58:38 - Utils: INFO: Broadcast: Saving world...
2024-06-29 18:03:46 - TShock: INFO: Broadcast: пупус: крч ломай стены
2024-06-29 18:04:08 - HandlerCollection`1: INFO: Broadcast: пупус: я тоже не шарю
2024-06-29 18:05:50 - HandlerCollection`1: INFO: Broadcast: пупус: блять
2024-06-29 18:05:58 - HandlerCollection`1: INFO: Broadcast: пупус: комната маленькая
2024-06-29 18:07:01 - SaveManager: INFO: Broadcast: Saving world...
2024-06-29 18:07:04 - StartHelper: INFO: Broadcast: World saved.
2024-06-29 18:07:04 - StartHelper: INFO: World saved at (tshock\backups\sex-world.wld.2024-06-29T13.07.01Z.bak)
2024-06-29 18:07:04 - BackupManager: INFO: World backed up (tshock\backups\sex-world.wld.2024-06-29T13.07.01Z.bak).
2024-06-29 18:08:38 - SaveManager: INFO: Broadcast: Saving world...
2024-06-29 18:10:52 - HandlerCollection`1: INFO: Broadcast: пупус: так сан шайн иди нахуй я буду есть стейки
2024-06-29 18:12:33 - DAPI: INFO: Broadcast: Донат: от Zhuj Huj - 10 RUB
2024-06-29 18:12:46 - HandlerCollection`1: INFO: Broadcast: пупус: сам пожуй
2024-06-29 18:12:47 - DAPI: INFO: Broadcast: Донат: от Zhuj Huj - 10 RUB
2024-06-29 18:12:58 - DAPI: INFO: Broadcast: Донат: от Zhuj Huj - 10 RUB
2024-06-29 18:13:17 - HandlerCollection`1: INFO: Broadcast: GRENY: хороший ивент
2024-06-29 18:17:01 - SaveManager: INFO: Broadcast: Saving world...
2024-06-29 18:17:04 - StartHelper: INFO: Broadcast: World saved.
2024-06-29 18:17:04 - StartHelper: INFO: World saved at (tshock\backups\sex-world.wld.2024-06-29T13.17.01Z.bak)
2024-06-29 18:17:04 - BackupManager: INFO: World backed up (tshock\backups\sex-world.wld.2024-06-29T13.17.01Z.bak).
2024-06-29 18:18:34 - HandlerCollection`1: INFO: Broadcast: пупус: например мастер бист
2024-06-29 18:18:38 - SaveManager: INFO: Broadcast: Saving world...
2024-06-29 18:19:38 - HandlerCollection`1: INFO: Broadcast: пупус: отойди пожалуйста
2024-06-29 18:19:40 - HandlerCollection`1: INFO: Broadcast: пупус: а 
2024-06-29 18:20:56 - HandlerCollection`1: INFO: Broadcast: пупус: ооооо ноооооооуууууу тебя скушали
2024-06-29 18:21:16 - HandlerCollection`1: INFO: Broadcast: GRENY: я копаюсь на помойке как червяк...(
2024-06-29 18:21:29 - HandlerCollection`1: INFO: Broadcast: пупус: и в конце червячок
2024-06-29 18:22:04 - HandlerCollection`1: INFO: Broadcast: пупус: дайте денег на пропитание не на бухло
2024-06-29 18:22:12 - HandlerCollection`1: INFO: Broadcast: пупус: дяденька
2024-06-29 18:22:20 - HandlerCollection`1: INFO: Broadcast: пупус: дайте денег на пропитание
2024-06-29 18:22:25 - HandlerCollection`1: INFO: Broadcast: пупус: спасибо
2024-06-29 18:22:55 - HandlerCollection`1: INFO: Broadcast: пупус: хочу шлем купить я с ним до конца всегда бегаю
2024-06-29 18:27:01 - SaveManager: INFO: Broadcast: Saving world...
2024-06-29 18:27:04 - StartHelper: INFO: Broadcast: World saved.
2024-06-29 18:27:04 - StartHelper: INFO: World saved at (tshock\backups\sex-world.wld.2024-06-29T13.27.01Z.bak)
2024-06-29 18:27:04 - BackupManager: INFO: World backed up (tshock\backups\sex-world.wld.2024-06-29T13.27.01Z.bak).
2024-06-29 18:27:06 - HandlerCollection`1: INFO: Broadcast: пупус: оооооо
2024-06-29 18:27:12 - HandlerCollection`1: INFO: Broadcast: пупус: ёбни меня
2024-06-29 18:27:31 - HandlerCollection`1: INFO: Broadcast: пупус: всёёёё
2024-06-29 18:28:38 - SaveManager: INFO: Broadcast: Saving world...
2024-06-29 18:30:33 - HandlerCollection`1: INFO: Broadcast: пупус: кстати ты миноса прима проходил?
2024-06-29 18:31:10 - HandlerCollection`1: INFO: Broadcast: пупус: это вопрос про ультра килл
2024-06-29 18:31:54 - HandlerCollection`1: INFO: Broadcast: пупус: чо дбаже 2 прайма?
2024-06-29 18:33:19 - TSPlayer: INFO: Player GRENY has been disabled for Reached TileKill threshold..
2024-06-29 18:33:37 - TSPlayer: INFO: Player GRENY has been disabled for Reached TileKill threshold..
2024-06-29 18:33:52 - HandlerCollection`1: INFO: Broadcast: пупус: и
2024-06-29 18:33:56 - HandlerCollection`1: INFO: Broadcast: пупус: где бум
2024-06-29 18:34:13 - HandlerCollection`1: INFO: Broadcast: GRENY: лал
2024-06-29 18:34:24 - HandlerCollection`1: INFO: Broadcast: пупус: у меня чо 
2024-06-29 18:34:43 - HandlerCollection`1: INFO: Broadcast: пупус: aad\
2024-06-29 18:34:59 - TSPlayer: INFO: Player GRENY has been disabled for Reached TileKill threshold..
2024-06-29 18:36:44 - HandlerCollection`1: INFO: Broadcast: пупус: cjkm kbpfnm
2024-06-29 18:36:50 - HandlerCollection`1: INFO: Broadcast: пупус: соль лизать
2024-06-29 18:37:01 - SaveManager: INFO: Broadcast: Saving world...
2024-06-29 18:37:04 - StartHelper: INFO: Broadcast: World saved.
2024-06-29 18:37:04 - StartHelper: INFO: World saved at (tshock\backups\sex-world.wld.2024-06-29T13.37.01Z.bak)
2024-06-29 18:37:04 - BackupManager: INFO: World backed up (tshock\backups\sex-world.wld.2024-06-29T13.37.01Z.bak).
2024-06-29 18:37:10 - HandlerCollection`1: INFO: Broadcast: пупус: нет рудную
2024-06-29 18:38:15 - HandlerCollection`1: INFO: Broadcast: пупус: ох ебать
2024-06-29 18:38:38 - SaveManager: INFO: Broadcast: Saving world...
2024-06-29 18:41:22 - HandlerCollection`1: INFO: Broadcast: пупус: на е
2024-06-29 18:41:41 - HandlerCollection`1: INFO: Broadcast: пупус: а ой точнго
2024-06-29 18:41:50 - HandlerCollection`1: INFO: Broadcast: пупус: подойди
2024-06-29 18:41:59 - HandlerCollection`1: INFO: Broadcast: пупус: ойъ
2024-06-29 18:42:17 - HandlerCollection`1: INFO: Broadcast: пупус: бляяяяяяя я хотел тебе сердце дать а я сам заюзал
2024-06-29 18:43:52 - HandlerCollection`1: INFO: Broadcast: пупус: я уже збох
2024-06-29 18:45:42 - HandlerCollection`1: INFO: Broadcast: пупус: ржомба
2024-06-29 18:46:18 - TSPlayer: INFO: Player пупус has been disabled for Reached TileKill threshold..
2024-06-29 18:47:01 - SaveManager: INFO: Broadcast: Saving world...
2024-06-29 18:47:02 - HandlerCollection`1: INFO: Broadcast: пупус: а чо за фигня почему я взрываю оно востанавливается
2024-06-29 18:47:04 - StartHelper: INFO: Broadcast: World saved.
2024-06-29 18:47:04 - StartHelper: INFO: World saved at (tshock\backups\sex-world.wld.2024-06-29T13.47.01Z.bak)
2024-06-29 18:47:04 - BackupManager: INFO: World backed up (tshock\backups\sex-world.wld.2024-06-29T13.47.01Z.bak).
2024-06-29 18:48:38 - SaveManager: INFO: Broadcast: Saving world...
2024-06-29 18:52:08 - HandlerCollection`1: INFO: Broadcast: GRENY has left.
2024-06-29 18:52:08 - HandlerCollection`1: INFO: GRENY disconnected.
2024-06-29 18:54:30 - HandlerCollection`1: INFO: Broadcast: пупус: дяденька дайте денег
2024-06-29 18:57:01 - SaveManager: INFO: Broadcast: Saving world...
2024-06-29 18:57:05 - StartHelper: INFO: Broadcast: World saved.
2024-06-29 18:57:05 - StartHelper: INFO: World saved at (tshock\backups\sex-world.wld.2024-06-29T13.57.01Z.bak)
2024-06-29 18:57:05 - BackupManager: INFO: World backed up (tshock\backups\sex-world.wld.2024-06-29T13.57.01Z.bak).
2024-06-29 18:58:38 - SaveManager: INFO: Broadcast: Saving world...
2024-06-29 18:58:50 - HandlerCollection`1: INFO: Broadcast: пупус: порно
2024-06-29 18:59:32 - HandlerCollection`1: INFO: Broadcast: пупус: дайте денег на пропитане
2024-06-29 18:59:37 - HandlerCollection`1: INFO: Broadcast: пупус: и на бомбы
2024-06-29 19:00:06 - HandlerCollection`1: INFO: Broadcast: пупус: ок
2024-06-29 19:04:14 - HandlerCollection`1: INFO: Broadcast: пупус: есть железо у кого нибутбь
2024-06-29 19:07:01 - SaveManager: INFO: Broadcast: Saving world...
2024-06-29 19:07:04 - StartHelper: INFO: Broadcast: World saved.
2024-06-29 19:07:04 - StartHelper: INFO: World saved at (tshock\backups\sex-world.wld.2024-06-29T14.07.01Z.bak)
2024-06-29 19:07:04 - BackupManager: INFO: World backed up (tshock\backups\sex-world.wld.2024-06-29T14.07.01Z.bak).
2024-06-29 19:08:38 - SaveManager: INFO: Broadcast: Saving world...
2024-06-29 19:13:53 - HandlerCollection`1: INFO: Broadcast: пупус: я джал тебе 200 дерева
2024-06-29 19:14:49 - HandlerCollection`1: INFO: Broadcast: пупус: слушайте можете мне помочь 
2024-06-29 19:15:05 - HandlerCollection`1: INFO: Broadcast: пупус: а
2024-06-29 19:15:18 - HandlerCollection`1: INFO: Broadcast: пупус: крч можешь меня провести до сердец кримзона
2024-06-29 19:16:19 - HandlerCollection`1: INFO: Broadcast: пупус: ну дак что сможешь?
2024-06-29 19:16:44 - HandlerCollection`1: INFO: Broadcast: пупус: jr
2024-06-29 19:16:46 - HandlerCollection`1: INFO: Broadcast: пупус: ок
2024-06-29 19:17:01 - SaveManager: INFO: Broadcast: Saving world...
2024-06-29 19:17:04 - StartHelper: INFO: Broadcast: World saved.
2024-06-29 19:17:04 - StartHelper: INFO: World saved at (tshock\backups\sex-world.wld.2024-06-29T14.17.01Z.bak)
2024-06-29 19:17:04 - BackupManager: INFO: World backed up (tshock\backups\sex-world.wld.2024-06-29T14.17.01Z.bak).
2024-06-29 19:17:07 - HandlerCollection`1: INFO: Broadcast: пупус: джай немного дерева
2024-06-29 19:17:33 - HandlerCollection`1: INFO: Broadcast: пупус: я не думал что он понадобится
2024-06-29 19:18:30 - HandlerCollection`1: INFO: Broadcast: пупус: костилио|?
2024-06-29 19:18:38 - SaveManager: INFO: Broadcast: Saving world...
2024-06-29 19:20:45 - HandlerCollection`1: INFO: Broadcast: пупус: хочу гробовщика выбить\
2024-06-29 19:22:02 - HandlerCollection`1: INFO: Broadcast: пупус: брииииб
2024-06-29 19:22:20 - HandlerCollection`1: INFO: Broadcast: пупус: ладжно
2024-06-29 19:22:31 - HandlerCollection`1: INFO: Broadcast: пупус: есть актусы?
2024-06-29 19:27:01 - SaveManager: INFO: Broadcast: Saving world...
2024-06-29 19:27:04 - StartHelper: INFO: Broadcast: World saved.
2024-06-29 19:27:04 - StartHelper: INFO: World saved at (tshock\backups\sex-world.wld.2024-06-29T14.27.01Z.bak)
2024-06-29 19:27:04 - BackupManager: INFO: World backed up (tshock\backups\sex-world.wld.2024-06-29T14.27.01Z.bak).
2024-06-29 19:27:26 - HandlerCollection`1: INFO: Broadcast: пупус: БЕЛКА\
2024-06-29 19:28:38 - SaveManager: INFO: Broadcast: Saving world...
2024-06-29 19:32:22 - HandlerCollection`1: INFO: Broadcast: пупус: РЫБА НЕ ЛОВИТСЯ ЧО ТО
2024-06-29 19:32:27 - HandlerCollection`1: INFO: Broadcast: пупус: капс
2024-06-29 19:36:51 - HandlerCollection`1: INFO: Broadcast: пупус: ага
2024-06-29 19:37:01 - SaveManager: INFO: Broadcast: Saving world...
2024-06-29 19:37:04 - StartHelper: INFO: Broadcast: World saved.
2024-06-29 19:37:04 - StartHelper: INFO: World saved at (tshock\backups\sex-world.wld.2024-06-29T14.37.01Z.bak)
2024-06-29 19:37:04 - BackupManager: INFO: World backed up (tshock\backups\sex-world.wld.2024-06-29T14.37.01Z.bak).
2024-06-29 19:38:34 - HandlerCollection`1: INFO: Broadcast: пупус: да
2024-06-29 19:38:38 - SaveManager: INFO: Broadcast: Saving world...
2024-06-29 19:39:00 - HandlerCollection`1: INFO: Broadcast: пупус: можно получить хардмодную руду можнло забрать
2024-06-29 19:40:11 - HandlerCollection`1: INFO: Broadcast: пупус: их было много так нечестно
2024-06-29 19:40:49 - HandlerCollection`1: INFO: Broadcast: пупус: мне как минимум надог мечь
2024-06-29 19:42:21 - HandlerCollection`1: INFO: Broadcast: пупус: слушай а мир какой по размеру
2024-06-29 19:45:18 - HandlerCollection`1: INFO: Broadcast: пупус: нгам пизда
2024-06-29 19:46:10 - HandlerCollection`1: INFO: Broadcast: пупус: ты про сердца которые жёлтые?
2024-06-29 19:46:44 - HandlerCollection`1: INFO: Broadcast: пупус: не я чо и хотел сказать что жёлтые только в хард
2024-06-29 19:47:01 - SaveManager: INFO: Broadcast: Saving world...
2024-06-29 19:47:04 - StartHelper: INFO: Broadcast: World saved.
2024-06-29 19:47:04 - StartHelper: INFO: World saved at (tshock\backups\sex-world.wld.2024-06-29T14.47.01Z.bak)
2024-06-29 19:47:04 - BackupManager: INFO: World backed up (tshock\backups\sex-world.wld.2024-06-29T14.47.01Z.bak).
2024-06-29 19:47:52 - HandlerCollection`1: INFO: Broadcast: пупус: как сотожу ходжо
2024-06-29 19:48:29 - HandlerCollection`1: INFO: Broadcast: пупус: их опять много было
2024-06-29 19:48:38 - SaveManager: INFO: Broadcast: Saving world...
2024-06-29 19:49:15 - HandlerCollection`1: INFO: Broadcast: пупус: дай денег
2024-06-29 19:50:10 - HandlerCollection`1: INFO: Broadcast: пупус: через пару минут здесь будет взрыв блежайцые улицы буду взорваны
2024-06-29 19:52:49 - HandlerCollection`1: INFO: Broadcast: пупус: эх билляяяяя
2024-06-29 19:54:04 - HandlerCollection`1: INFO: Broadcast: пупус: нет
2024-06-29 19:54:30 - HandlerCollection`1: INFO: Broadcast: пупус: я хотел ролиа взять а в него звезда прилитела
2024-06-29 19:54:50 - HandlerCollection`1: INFO: Broadcast: пупус: и нанесла 1488 урона
2024-06-29 19:56:05 - HandlerCollection`1: INFO: Broadcast: пупус: хочешь фокус
2024-06-29 19:56:16 - HandlerCollection`1: INFO: Broadcast: пупус: звезда 
2024-06-29 19:56:42 - HandlerCollection`1: INFO: Broadcast: пупус: звезда нанесла 1488 урона  кролику
2024-06-29 19:57:02 - SaveManager: INFO: Broadcast: Saving world...
2024-06-29 19:57:04 - StartHelper: INFO: Broadcast: World saved.
2024-06-29 19:57:04 - StartHelper: INFO: World saved at (tshock\backups\sex-world.wld.2024-06-29T14.57.01Z.bak)
2024-06-29 19:57:04 - BackupManager: INFO: World backed up (tshock\backups\sex-world.wld.2024-06-29T14.57.01Z.bak).
2024-06-29 19:57:07 - HandlerCollection`1: INFO: Broadcast: пупус: да
2024-06-29 19:57:15 - HandlerCollection`1: INFO: Broadcast: пупус: я их продаю на органы
2024-06-29 19:58:38 - SaveManager: INFO: Broadcast: Saving world...
2024-06-29 20:01:06 - HandlerCollection`1: INFO: Broadcast: пупус: оооо наш возможный первый босмс
2024-06-29 20:03:26 - HandlerCollection`1: INFO: Broadcast: пупус: я камм
2024-06-29 20:03:57 - HandlerCollection`1: INFO: Broadcast: пупус: 50 уже гдето есть
2024-06-29 20:04:03 - HandlerCollection`1: INFO: Broadcast: пупус: ой 40
2024-06-29 20:05:01 - HandlerCollection`1: INFO: Broadcast: пупус: есть железо или чото похожее
2024-06-29 20:05:11 - HandlerCollection`1: INFO: Broadcast: пупус: без разницы вольфрам и тд
2024-06-29 20:05:40 - HandlerCollection`1: INFO: Broadcast: пупус: бляяяяяяяя надо железор или чо то такое 
2024-06-29 20:07:02 - SaveManager: INFO: Broadcast: Saving world...
2024-06-29 20:07:04 - StartHelper: INFO: Broadcast: World saved.
2024-06-29 20:07:04 - StartHelper: INFO: World saved at (tshock\backups\sex-world.wld.2024-06-29T15.07.02Z.bak)
2024-06-29 20:07:04 - BackupManager: INFO: World backed up (tshock\backups\sex-world.wld.2024-06-29T15.07.02Z.bak).
2024-06-29 20:07:36 - TSPlayer: INFO: Player пупус has been disabled for Reached TileKill threshold..
2024-06-29 20:08:38 - SaveManager: INFO: Broadcast: Saving world...
2024-06-29 20:12:36 - HandlerCollection`1: INFO: Broadcast: пупус: пинки
2024-06-29 20:14:12 - HandlerCollection`1: INFO: Broadcast: пупус: костя дай денег у тебя наверно мои 3 или 2 золотыхв
2024-06-29 20:14:27 - HandlerCollection`1: INFO: Broadcast: пупус: а неит нет я затупил
2024-06-29 20:15:35 - HandlerCollection`1: INFO: Broadcast: пупус: го за кактусами сходим
2024-06-29 20:16:17 - HandlerCollection`1: INFO: Broadcast: пупус: по глазу прилетела звезда и выпала линза
2024-06-29 20:16:25 - HandlerCollection`1: INFO: Broadcast: пупус: ахуй
2024-06-29 20:16:54 - HandlerCollection`1: INFO: Broadcast: пупус: обычная
2024-06-29 20:17:02 - HandlerCollection`1: INFO: Broadcast: Saving world...
2024-06-29 20:17:04 - StartHelper: INFO: Broadcast: World saved.
2024-06-29 20:17:04 - StartHelper: INFO: World saved at (tshock\backups\sex-world.wld.2024-06-29T15.17.02Z.bak)
2024-06-29 20:17:04 - BackupManager: INFO: World backed up (tshock\backups\sex-world.wld.2024-06-29T15.17.02Z.bak).
2024-06-29 20:17:42 - HandlerCollection`1: INFO: Broadcast: пупус: ты про какую призывалку
2024-06-29 20:18:10 - HandlerCollection`1: INFO: Broadcast: пупус: нет
2024-06-29 20:18:38 - HandlerCollection`1: INFO: Broadcast: Saving world...
2024-06-29 20:21:29 - HandlerCollection`1: INFO: Broadcast: pen1sov has left.
2024-06-29 20:21:29 - HandlerCollection`1: INFO: pen1sov disconnected.
2024-06-29 20:22:17 - Commands: INFO: Server executed: /save.
2024-06-29 20:22:17 - HandlerCollection`1: INFO: Broadcast: Saving world...
2024-06-29 20:22:19 - StartHelper: INFO: Broadcast: World saved.
2024-06-29 20:22:19 - StartHelper: INFO: World saved at (C:\Users\Fetisov\Documents\My Games\Terraria\Worlds\sex-world.wld)
