2024-07-03 18:20:37 - TShock: INFO: TShock was improperly shut down. Please use the exit command in the future to prevent this.
2024-07-03 18:20:37 - <>c: INFO: Port overridden by startup argument. Set to 7777
2024-07-03 18:20:37 - TShock: INFO: TShock 5.2.0.0 (Intensity) now running.
2024-07-03 18:20:37 - TShock: INFO: AutoSave Enabled
2024-07-03 18:20:37 - TShock: INFO: Backups Enabled
2024-07-03 18:20:37 - TShock: INFO: Welcome to TShock for Terraria!
2024-07-03 18:20:37 - TShock: INFO: TShock comes with no warranty & is free software.
2024-07-03 18:20:37 - TShock: INFO: You can modify & distribute it under the terms of the GNU GPLv3.
2024-07-03 18:20:46 - TShock: INFO: Login before join enabled. Users may be prompted for an account specific password instead of a server password on connect.
2024-07-03 18:20:46 - TShock: INFO: Login using UUID enabled. Users automatically login via UUID.
2024-07-03 18:20:46 - TShock: INFO: A malicious server can easily steal a user's UUID. You may consider turning this option off if you run a public server.
2024-07-03 18:20:48 - GetDataHandlers: INFO: pen1sov authenticated successfully as user pen1sov.
2024-07-03 18:20:49 - TShock: INFO: pen1sov (92.248.133.135) from 'default' group joined. (1/32)
2024-07-03 18:20:49 - Utils: INFO: Broadcast: pen1sov has joined.
2024-07-03 18:21:04 - GetDataHandlers: INFO: GRENY authenticated successfully as user GRENY.
2024-07-03 18:21:04 - TShock: INFO: GRENY (92.253.243.4) from 'default' group joined. (2/32)
2024-07-03 18:21:04 - Utils: INFO: Broadcast: GRENY has joined.
2024-07-03 18:21:08 - TShock: INFO: Zak (76.11.70.134) from 'guest' group joined. (3/32)
2024-07-03 18:21:08 - Utils: INFO: Broadcast: Zak has joined.
2024-07-03 18:21:21 - Utils: INFO: Zak executed (args omitted): /login.
2024-07-03 18:22:42 - Utils: INFO: Zak executed (args omitted): /register.
2024-07-03 18:22:50 - Utils: INFO: Zak executed (args omitted): /register.
2024-07-03 18:22:50 - Commands: INFO: Zak registered an account: "Zak".
2024-07-03 18:23:05 - Utils: INFO: Zak executed (args omitted): /login.
2024-07-03 18:23:05 - Commands: INFO: Zak authenticated successfully as user: Zak.
2024-07-03 18:23:14 - Utils: INFO: Broadcast: GRENY has left.
2024-07-03 18:23:14 - TShock: INFO: GRENY disconnected.
2024-07-03 18:26:44 - Utils: INFO: Broadcast: pen1sov has left.
2024-07-03 18:26:44 - TShock: INFO: pen1sov disconnected.
2024-07-03 18:26:47 - Utils: INFO: Broadcast: Zak has left.
2024-07-03 18:26:47 - TShock: INFO: Zak disconnected.
2024-07-03 18:26:47 - Utils: INFO: Broadcast: Saving world...
2024-07-03 18:26:49 - Utils: INFO: Broadcast: World saved.
2024-07-03 18:26:49 - SaveManager: INFO: World saved at (/root/.local/share/Terraria/Worlds/sex-world.wld)
2024-07-03 18:29:07 - GetDataHandlers: INFO: GRENY authenticated successfully as user GRENY.
2024-07-03 18:29:08 - TShock: INFO: GRENY (92.253.243.4) from 'default' group joined. (1/32)
2024-07-03 18:29:08 - Utils: INFO: Broadcast: GRENY has joined.
2024-07-03 18:29:11 - GetDataHandlers: INFO: Zak authenticated successfully as user Zak.
2024-07-03 18:29:12 - TShock: INFO: Zak (76.11.70.134) from 'default' group joined. (2/32)
2024-07-03 18:29:12 - Utils: INFO: Broadcast: Zak has joined.
2024-07-03 18:29:46 - GetDataHandlers: INFO: pen1sov authenticated successfully as user pen1sov.
2024-07-03 18:29:47 - TShock: INFO: pen1sov (92.248.133.135) from 'default' group joined. (3/32)
2024-07-03 18:29:47 - Utils: INFO: Broadcast: pen1sov has joined.
2024-07-03 18:30:29 - Utils: INFO: pen1sov executed: /help.
2024-07-03 18:30:33 - Utils: INFO: pen1sov executed: /playing.
2024-07-03 18:30:37 - Utils: INFO: Broadcast: Saving world...
2024-07-03 18:30:39 - Utils: INFO: Broadcast: World saved.
2024-07-03 18:30:39 - SaveManager: INFO: World saved at (tshock/backups/sex-world.wld.2024-07-03T18.30.37Z.bak)
2024-07-03 18:30:39 - BackupManager: INFO: World backed up (tshock/backups/sex-world.wld.2024-07-03T18.30.37Z.bak).
2024-07-03 18:30:59 - Utils: INFO: Broadcast: Zak: я регнулся, правда пароль сразу же забыл 
2024-07-03 18:31:06 - TShock: INFO: Broadcast: Zak: надеюсь с этим проблем не будет
2024-07-03 18:31:23 - TShock: INFO: Broadcast: Zak: как
2024-07-03 18:31:40 - TShock: INFO: Broadcast: Zak: типо персонажа пересоздать?
2024-07-03 18:31:42 - TShock: INFO: Broadcast: Zak: ок
2024-07-03 18:31:51 - TShock: INFO: Broadcast: Zak: а выйти как?
2024-07-03 18:31:57 - TShock: INFO: Broadcast: Zak: o-o
2024-07-03 18:32:07 - TShock: INFO: Broadcast: Zak has left.
2024-07-03 18:32:07 - HandlerCollection`1: INFO: Zak disconnected.
2024-07-03 18:32:37 - GetDataHandlers: INFO: Zak authenticated successfully as user Zak.
2024-07-03 18:32:37 - HandlerCollection`1: INFO: Zak (76.11.70.134) from 'default' group joined. (3/32)
2024-07-03 18:32:37 - Utils: INFO: Broadcast: Zak has joined.
2024-07-03 18:33:08 - Utils: INFO: Broadcast: Saving world...
2024-07-03 18:34:02 - TShock: INFO: Broadcast: Zak: где вещей взять?)
2024-07-03 18:34:07 - TShock: INFO: Broadcast: Zak: бесплатных
2024-07-03 18:34:25 - TShock: INFO: Broadcast: Zak: я хз
2024-07-03 18:36:45 - TShock: INFO: Broadcast: Zak: изи
2024-07-03 18:40:37 - Utils: INFO: Broadcast: Saving world...
2024-07-03 18:40:39 - SaveManager: INFO: Broadcast: World saved.
2024-07-03 18:40:39 - StartHelper: INFO: World saved at (tshock/backups/sex-world.wld.2024-07-03T18.40.37Z.bak)
2024-07-03 18:40:39 - BackupManager: INFO: World backed up (tshock/backups/sex-world.wld.2024-07-03T18.40.37Z.bak).
2024-07-03 18:43:08 - Utils: INFO: Broadcast: Saving world...
2024-07-03 18:46:37 - TShock: INFO: Broadcast: pen1sov has left.
2024-07-03 18:46:37 - HandlerCollection`1: INFO: pen1sov disconnected.
2024-07-03 18:46:40 - HandlerCollection`1: INFO: Broadcast: Zak: а че за подозрительный глаз
2024-07-03 18:46:49 - HandlerCollection`1: INFO: Broadcast: GRENY has left.
2024-07-03 18:46:49 - HandlerCollection`1: INFO: GRENY disconnected.
2024-07-03 18:50:37 - SaveManager: INFO: Broadcast: Saving world...
2024-07-03 18:50:39 - StartHelper: INFO: Broadcast: World saved.
2024-07-03 18:50:39 - StartHelper: INFO: World saved at (tshock/backups/sex-world.wld.2024-07-03T18.50.37Z.bak)
2024-07-03 18:50:39 - BackupManager: INFO: World backed up (tshock/backups/sex-world.wld.2024-07-03T18.50.37Z.bak).
2024-07-03 18:50:53 - HandlerCollection`1: INFO: Broadcast: Zak has left.
2024-07-03 18:50:53 - HandlerCollection`1: INFO: Zak disconnected.
2024-07-03 18:50:53 - SaveManager: INFO: Broadcast: Saving world...
2024-07-03 18:50:55 - StartHelper: INFO: Broadcast: World saved.
2024-07-03 18:50:55 - StartHelper: INFO: World saved at (/root/.local/share/Terraria/Worlds/sex-world.wld)
2024-07-03 20:50:54 - <CheckForUpdatesAsync>d__4: WARNING: UpdateManager warning: System.Threading.Tasks.TaskCanceledException: The request was canceled due to the configured HttpClient.Timeout of 5 seconds elapsing.
 ---> System.TimeoutException: The operation was canceled.
 ---> System.Threading.Tasks.TaskCanceledException: The operation was canceled.
 ---> System.IO.IOException: Unable to read data from the transport connection: Operation canceled.
 ---> System.Net.Sockets.SocketException (125): Operation canceled
   --- End of inner exception stack trace ---
   at System.Net.Sockets.Socket.AwaitableSocketAsyncEventArgs.ThrowException(SocketError error, CancellationToken cancellationToken)
   at System.Net.Sockets.Socket.AwaitableSocketAsyncEventArgs.System.Threading.Tasks.Sources.IValueTaskSource<System.Int32>.GetResult(Int16 token)
   at System.Net.Security.SslStream.EnsureFullTlsFrameAsync[TIOAdapter](TIOAdapter adapter)
   at System.Net.Security.SslStream.ReadAsyncInternal[TIOAdapter](TIOAdapter adapter, Memory`1 buffer)
   at System.Net.Http.HttpConnection.InitialFillAsync(Boolean async)
   at System.Net.Http.HttpConnection.SendAsyncCore(HttpRequestMessage request, Boolean async, CancellationToken cancellationToken)
   --- End of inner exception stack trace ---
   at System.Net.Http.HttpConnection.SendAsyncCore(HttpRequestMessage request, Boolean async, CancellationToken cancellationToken)
   at System.Net.Http.HttpConnectionPool.SendWithVersionDetectionAndRetryAsync(HttpRequestMessage request, Boolean async, Boolean doRequestAuth, CancellationToken cancellationToken)
   at System.Net.Http.RedirectHandler.SendAsync(HttpRequestMessage request, Boolean async, CancellationToken cancellationToken)
   at System.Net.Http.HttpClient.<SendAsync>g__Core|83_0(HttpRequestMessage request, HttpCompletionOption completionOption, CancellationTokenSource cts, Boolean disposeCts, CancellationTokenSource pendingRequestsCts, CancellationToken originalCancellationToken)
   --- End of inner exception stack trace ---
   --- End of inner exception stack trace ---
   at System.Net.Http.HttpClient.HandleFailure(Exception e, Boolean telemetryStarted, HttpResponseMessage response, CancellationTokenSource cts, CancellationToken cancellationToken, CancellationTokenSource pendingRequestsCts)
   at System.Net.Http.HttpClient.<SendAsync>g__Core|83_0(HttpRequestMessage request, HttpCompletionOption completionOption, CancellationTokenSource cts, Boolean disposeCts, CancellationTokenSource pendingRequestsCts, CancellationToken originalCancellationToken)
   at TShockAPI.UpdateManager.ServerIsOutOfDateAsync() in /home/runner/work/TShock/TShock/TShockAPI/UpdateManager.cs:line 112
   at TShockAPI.UpdateManager.UpdateCheckAsync(Object o) in /home/runner/work/TShock/TShock/TShockAPI/UpdateManager.cs:line 99
   at TShockAPI.UpdateManager.CheckForUpdatesAsync(Object state) in /home/runner/work/TShock/TShock/TShockAPI/UpdateManager.cs:line 74
2024-07-03 20:50:54 - <CheckForUpdatesAsync>d__4: ERROR: Retrying in 5 minutes.
2024-07-03 20:53:12 - SaveManager: INFO: Broadcast: Saving world...
2024-07-03 20:53:14 - StartHelper: INFO: Broadcast: World saved.
2024-07-03 20:53:14 - StartHelper: INFO: World saved at (tshock/backups/sex-world.wld.2024-07-03T20.53.12Z.bak)
2024-07-03 20:53:14 - BackupManager: INFO: World backed up (tshock/backups/sex-world.wld.2024-07-03T20.53.12Z.bak).
2024-07-03 21:58:19 - SaveManager: INFO: Broadcast: Saving world...
2024-07-03 21:58:21 - StartHelper: INFO: Broadcast: World saved.
2024-07-03 21:58:21 - StartHelper: INFO: World saved at (tshock/backups/sex-world.wld.2024-07-03T21.58.19Z.bak)
2024-07-03 21:58:21 - BackupManager: INFO: World backed up (tshock/backups/sex-world.wld.2024-07-03T21.58.19Z.bak).
2024-07-04 01:58:38 - SaveManager: INFO: Broadcast: Saving world...
2024-07-04 01:58:40 - StartHelper: INFO: Broadcast: World saved.
2024-07-04 01:58:40 - StartHelper: INFO: World saved at (tshock/backups/sex-world.wld.2024-07-04T01.58.38Z.bak)
2024-07-04 01:58:40 - BackupManager: INFO: World backed up (tshock/backups/sex-world.wld.2024-07-04T01.58.38Z.bak).
2024-07-04 04:09:17 - SaveManager: INFO: Broadcast: Saving world...
2024-07-04 04:09:19 - StartHelper: INFO: Broadcast: World saved.
2024-07-04 04:09:19 - StartHelper: INFO: World saved at (tshock/backups/sex-world.wld.2024-07-04T04.09.17Z.bak)
2024-07-04 04:09:19 - BackupManager: INFO: World backed up (tshock/backups/sex-world.wld.2024-07-04T04.09.17Z.bak).
